  Evaluacion.cpp
E:\Frank\TAREAS UMG\Algoritmo\C++[formularios]\proyecto con arduino\ElCuerpo\ElCuerpo\Resultados.h(141,1): warning C4996:  'fopen': This function or variable may be unsafe. Consider using fopen_s instead. To disable deprecation, use _CRT_SECURE_NO_WARNINGS. See online help for details.
C:\Program Files (x86)\Windows Kits\10\Include\10.0.18362.0\ucrt\stdio.h(208): message :  vea la declaración de 'fopen'
E:\Frank\TAREAS UMG\Algoritmo\C++[formularios]\proyecto con arduino\ElCuerpo\ElCuerpo\Resultados.h(148,1): warning C4996:  'strtok': This function or variable may be unsafe. Consider using strtok_s instead. To disable deprecation, use _CRT_SECURE_NO_WARNINGS. See online help for details.
C:\Program Files (x86)\Windows Kits\10\Include\10.0.18362.0\ucrt\string.h(440): message :  vea la declaración de 'strtok'
E:\Frank\TAREAS UMG\Algoritmo\C++[formularios]\proyecto con arduino\ElCuerpo\ElCuerpo\Resultados.h(149,1): warning C4996:  'strtok': This function or variable may be unsafe. Consider using strtok_s instead. To disable deprecation, use _CRT_SECURE_NO_WARNINGS. See online help for details.
C:\Program Files (x86)\Windows Kits\10\Include\10.0.18362.0\ucrt\string.h(440): message :  vea la declaración de 'strtok'
E:\Frank\TAREAS UMG\Algoritmo\C++[formularios]\proyecto con arduino\ElCuerpo\ElCuerpo\Resultados.h(150,1): warning C4996:  'strtok': This function or variable may be unsafe. Consider using strtok_s instead. To disable deprecation, use _CRT_SECURE_NO_WARNINGS. See online help for details.
C:\Program Files (x86)\Windows Kits\10\Include\10.0.18362.0\ucrt\string.h(440): message :  vea la declaración de 'strtok'
E:\Frank\TAREAS UMG\Algoritmo\C++[formularios]\proyecto con arduino\ElCuerpo\ElCuerpo\Resultados.h(151,1): warning C4996:  'strtok': This function or variable may be unsafe. Consider using strtok_s instead. To disable deprecation, use _CRT_SECURE_NO_WARNINGS. See online help for details.
C:\Program Files (x86)\Windows Kits\10\Include\10.0.18362.0\ucrt\string.h(440): message :  vea la declaración de 'strtok'
E:\Frank\TAREAS UMG\Algoritmo\C++[formularios]\proyecto con arduino\ElCuerpo\ElCuerpo\Resultados.h(142,8): warning C4101:  'cadena': variable local sin referencia
E:\Frank\TAREAS UMG\Algoritmo\C++[formularios]\proyecto con arduino\ElCuerpo\ElCuerpo\Evaluacion.h(177,1): warning C4996:  'mkdir': The POSIX name for this item is deprecated. Instead, use the ISO C and C++ conformant name: _mkdir. See online help for details.
  Inicio.cpp
C:\Program Files (x86)\Windows Kits\10\Include\10.0.18362.0\ucrt\direct.h(111): message :  vea la declaración de 'mkdir'
E:\Frank\TAREAS UMG\Algoritmo\C++[formularios]\proyecto con arduino\ElCuerpo\ElCuerpo\Resultados.h(141,1): warning C4996:  'fopen': This function or variable may be unsafe. Consider using fopen_s instead. To disable deprecation, use _CRT_SECURE_NO_WARNINGS. See online help for details.
C:\Program Files (x86)\Windows Kits\10\Include\10.0.18362.0\ucrt\stdio.h(208): message :  vea la declaración de 'fopen'
E:\Frank\TAREAS UMG\Algoritmo\C++[formularios]\proyecto con arduino\ElCuerpo\ElCuerpo\Resultados.h(148,1): warning C4996:  'strtok': This function or variable may be unsafe. Consider using strtok_s instead. To disable deprecation, use _CRT_SECURE_NO_WARNINGS. See online help for details.
C:\Program Files (x86)\Windows Kits\10\Include\10.0.18362.0\ucrt\string.h(440): message :  vea la declaración de 'strtok'
E:\Frank\TAREAS UMG\Algoritmo\C++[formularios]\proyecto con arduino\ElCuerpo\ElCuerpo\Resultados.h(149,1): warning C4996:  'strtok': This function or variable may be unsafe. Consider using strtok_s instead. To disable deprecation, use _CRT_SECURE_NO_WARNINGS. See online help for details.
C:\Program Files (x86)\Windows Kits\10\Include\10.0.18362.0\ucrt\string.h(440): message :  vea la declaración de 'strtok'
E:\Frank\TAREAS UMG\Algoritmo\C++[formularios]\proyecto con arduino\ElCuerpo\ElCuerpo\Resultados.h(150,1): warning C4996:  'strtok': This function or variable may be unsafe. Consider using strtok_s instead. To disable deprecation, use _CRT_SECURE_NO_WARNINGS. See online help for details.
C:\Program Files (x86)\Windows Kits\10\Include\10.0.18362.0\ucrt\string.h(440): message :  vea la declaración de 'strtok'
E:\Frank\TAREAS UMG\Algoritmo\C++[formularios]\proyecto con arduino\ElCuerpo\ElCuerpo\Resultados.h(151,1): warning C4996:  'strtok': This function or variable may be unsafe. Consider using strtok_s instead. To disable deprecation, use _CRT_SECURE_NO_WARNINGS. See online help for details.
C:\Program Files (x86)\Windows Kits\10\Include\10.0.18362.0\ucrt\string.h(440): message :  vea la declaración de 'strtok'
E:\Frank\TAREAS UMG\Algoritmo\C++[formularios]\proyecto con arduino\ElCuerpo\ElCuerpo\Resultados.h(142,8): warning C4101:  'cadena': variable local sin referencia
E:\Frank\TAREAS UMG\Algoritmo\C++[formularios]\proyecto con arduino\ElCuerpo\ElCuerpo\Evaluacion.h(177,1): warning C4996:  'mkdir': The POSIX name for this item is deprecated. Instead, use the ISO C and C++ conformant name: _mkdir. See online help for details.
C:\Program Files (x86)\Windows Kits\10\Include\10.0.18362.0\ucrt\direct.h(111): message :  vea la declaración de 'mkdir'
  Seccion.cpp
E:\Frank\TAREAS UMG\Algoritmo\C++[formularios]\proyecto con arduino\ElCuerpo\ElCuerpo\Inicio.h(129,22): warning C4101:  'ex': variable local sin referencia
E:\Frank\TAREAS UMG\Algoritmo\C++[formularios]\proyecto con arduino\ElCuerpo\ElCuerpo\Resultados.h(141,1): warning C4996:  'fopen': This function or variable may be unsafe. Consider using fopen_s instead. To disable deprecation, use _CRT_SECURE_NO_WARNINGS. See online help for details.
C:\Program Files (x86)\Windows Kits\10\Include\10.0.18362.0\ucrt\stdio.h(208): message :  vea la declaración de 'fopen'
E:\Frank\TAREAS UMG\Algoritmo\C++[formularios]\proyecto con arduino\ElCuerpo\ElCuerpo\Resultados.h(148,1): warning C4996:  'strtok': This function or variable may be unsafe. Consider using strtok_s instead. To disable deprecation, use _CRT_SECURE_NO_WARNINGS. See online help for details.
C:\Program Files (x86)\Windows Kits\10\Include\10.0.18362.0\ucrt\string.h(440): message :  vea la declaración de 'strtok'
E:\Frank\TAREAS UMG\Algoritmo\C++[formularios]\proyecto con arduino\ElCuerpo\ElCuerpo\Resultados.h(149,1): warning C4996:  'strtok': This function or variable may be unsafe. Consider using strtok_s instead. To disable deprecation, use _CRT_SECURE_NO_WARNINGS. See online help for details.
C:\Program Files (x86)\Windows Kits\10\Include\10.0.18362.0\ucrt\string.h(440): message :  vea la declaración de 'strtok'
E:\Frank\TAREAS UMG\Algoritmo\C++[formularios]\proyecto con arduino\ElCuerpo\ElCuerpo\Resultados.h(150,1): warning C4996:  'strtok': This function or variable may be unsafe. Consider using strtok_s instead. To disable deprecation, use _CRT_SECURE_NO_WARNINGS. See online help for details.
C:\Program Files (x86)\Windows Kits\10\Include\10.0.18362.0\ucrt\string.h(440): message :  vea la declaración de 'strtok'
E:\Frank\TAREAS UMG\Algoritmo\C++[formularios]\proyecto con arduino\ElCuerpo\ElCuerpo\Resultados.h(151,1): warning C4996:  'strtok': This function or variable may be unsafe. Consider using strtok_s instead. To disable deprecation, use _CRT_SECURE_NO_WARNINGS. See online help for details.
C:\Program Files (x86)\Windows Kits\10\Include\10.0.18362.0\ucrt\string.h(440): message :  vea la declaración de 'strtok'
E:\Frank\TAREAS UMG\Algoritmo\C++[formularios]\proyecto con arduino\ElCuerpo\ElCuerpo\Resultados.h(142,8): warning C4101:  'cadena': variable local sin referencia
E:\Frank\TAREAS UMG\Algoritmo\C++[formularios]\proyecto con arduino\ElCuerpo\ElCuerpo\Evaluacion.h(177,1): warning C4996:  'mkdir': The POSIX name for this item is deprecated. Instead, use the ISO C and C++ conformant name: _mkdir. See online help for details.
  Generando código...
C:\Program Files (x86)\Windows Kits\10\Include\10.0.18362.0\ucrt\direct.h(111): message :  vea la declaración de 'mkdir'
  Aprendizaje.obj : se encontró un módulo MSIL; vinculación incremental deshabilitada para MSIL; ejecutando vínculo completo
  ElCuerpo.vcxproj -> E:\Frank\TAREAS UMG\Algoritmo\C++[formularios]\proyecto con arduino\ElCuerpo\Debug\ElCuerpo.exe
